Using pre-set license
Built from '2020.3/staging' branch; Version is '2020.3.33f1 (915a7af8b0d5) revision 9525882'; Using compiler version '192528614'; Build Type 'Release'
OS: 'Windows 10  (10.0.19044) 64bit Professional' Language: 'en' Physical Memory: 8095 MB
BatchMode: 1, IsHumanControllingUs: 0, StartBugReporterOnCrash: 0, Is64bit: 1, IsPro: 0

COMMAND LINE ARGUMENTS:
C:\Program Files\Unity 2020.3.33f1\Editor\Unity.exe
-adb2
-batchMode
-noUpm
-name
AssetImportWorker0
-projectPath
C:/Users/fjgh7/0x01-unity_concepts
-logFile
Logs/AssetImportWorker0.log
-srvPort
53158
Successfully changed project path to: C:/Users/fjgh7/0x01-unity_concepts
C:/Users/fjgh7/0x01-unity_concepts
Using Asset Import Pipeline V2.
Refreshing native plugins compatible for Editor in 39.07 ms, found 2 plugins.
Preloading 0 native plugins for Editor in 0.00 ms.
Initialize engine version: 2020.3.33f1 (915a7af8b0d5)
[Subsystems] Discovering subsystems at path C:/Program Files/Unity 2020.3.33f1/Editor/Data/Resources/UnitySubsystems
[Subsystems] Discovering subsystems at path C:/Users/fjgh7/0x01-unity_concepts/Assets
GfxDevice: creating device client; threaded=0
Direct3D:
    Version:  Direct3D 11.0 [level 11.1]
    Renderer: Intel(R) HD Graphics 620 (ID=0x5916)
    Vendor:   
    VRAM:     4047 MB
    Driver:   21.20.16.4727
Initialize mono
Mono path[0] = 'C:/Program Files/Unity 2020.3.33f1/Editor/Data/Managed'
Mono path[1] = 'C:/Program Files/Unity 2020.3.33f1/Editor/Data/MonoBleedingEdge/lib/mono/unityjit'
Mono config path = 'C:/Program Files/Unity 2020.3.33f1/Editor/Data/MonoBleedingEdge/etc'
Using monoOptions --debugger-agent=transport=dt_socket,embedding=1,server=y,suspend=n,address=127.0.0.1:56976
Begin MonoManager ReloadAssembly
Registering precompiled unity dll's ...
Register platform support module: C:/Program Files/Unity 2020.3.33f1/Editor/Data/PlaybackEngines/WindowsStandaloneSupport/UnityEditor.WindowsStandalone.Extensions.dll
Registered in 0.002857 seconds.
Native extension for WindowsStandalone target not found
Refreshing native plugins compatible for Editor in 48.85 ms, found 2 plugins.
Preloading 0 native plugins for Editor in 0.00 ms.
Mono: successfully reloaded assembly
- Completed reload, in  0.801 seconds
Domain Reload Profiling:
	ReloadAssembly (801ms)
		BeginReloadAssembly (94ms)
			ExecutionOrderSort (0ms)
			DisableScriptedObjects (0ms)
			BackupInstance (0ms)
			ReleaseScriptingObjects (0ms)
			CreateAndSetChildDomain (1ms)
		EndReloadAssembly (616ms)
			LoadAssemblies (91ms)
			RebuildTransferFunctionScriptingTraits (0ms)
			SetupTypeCache (200ms)
			ReleaseScriptCaches (0ms)
			RebuildScriptCaches (51ms)
			SetupLoadedEditorAssemblies (231ms)
				LogAssemblyErrors (0ms)
				InitializePlatformSupportModulesInManaged (10ms)
				SetLoadedEditorAssemblies (1ms)
				RefreshPlugins (49ms)
				BeforeProcessingInitializeOnLoad (23ms)
				ProcessInitializeOnLoadAttributes (115ms)
				ProcessInitializeOnLoadMethodAttributes (34ms)
				AfterProcessingInitializeOnLoad (0ms)
				EditorAssembliesLoaded (0ms)
			ExecutionOrderSort2 (0ms)
			AwakeInstancesAfterBackupRestoration (0ms)
Platform modules already initialized, skipping
Registering precompiled user dll's ...
Registered in 0.004409 seconds.
Begin MonoManager ReloadAssembly
Symbol file LoadedFromMemory doesn't match image C:\Users\fjgh7\0x01-unity_concepts\Library\PackageCache\com.unity.collab-proxy@1.15.15\Lib\Editor\PlasticSCM\unityplastic.dll
Native extension for WindowsStandalone target not found
Refreshing native plugins compatible for Editor in 0.37 ms, found 2 plugins.
Preloading 0 native plugins for Editor in 0.00 ms.
Mono: successfully reloaded assembly
- Completed reload, in  1.263 seconds
Domain Reload Profiling:
	ReloadAssembly (1264ms)
		BeginReloadAssembly (200ms)
			ExecutionOrderSort (0ms)
			DisableScriptedObjects (5ms)
			BackupInstance (0ms)
			ReleaseScriptingObjects (0ms)
			CreateAndSetChildDomain (23ms)
		EndReloadAssembly (991ms)
			LoadAssemblies (130ms)
			RebuildTransferFunctionScriptingTraits (0ms)
			SetupTypeCache (363ms)
			ReleaseScriptCaches (0ms)
			RebuildScriptCaches (49ms)
			SetupLoadedEditorAssemblies (359ms)
				LogAssemblyErrors (0ms)
				InitializePlatformSupportModulesInManaged (5ms)
				SetLoadedEditorAssemblies (1ms)
				RefreshPlugins (1ms)
				BeforeProcessingInitializeOnLoad (108ms)
				ProcessInitializeOnLoadAttributes (223ms)
				ProcessInitializeOnLoadMethodAttributes (12ms)
				AfterProcessingInitializeOnLoad (9ms)
				EditorAssembliesLoaded (0ms)
			ExecutionOrderSort2 (0ms)
			AwakeInstancesAfterBackupRestoration (8ms)
Platform modules already initialized, skipping
========================================================================
Worker process is ready to serve import requests
Launched and connected shader compiler UnityShaderCompiler.exe after 0.07 seconds
Refreshing native plugins compatible for Editor in 0.57 ms, found 2 plugins.
Preloading 0 native plugins for Editor in 0.00 ms.
Unloading 1508 Unused Serialized files (Serialized files now loaded: 0)
System memory in use before: 68.6 MB.
System memory in use after: 68.7 MB.

Unloading 16 unused Assets to reduce memory usage. Loaded Objects now: 1944.
Total: 5.026100 ms (FindLiveObjects: 0.221600 ms CreateObjectMapping: 0.100900 ms MarkObjects: 4.590200 ms  DeleteObjects: 0.112100 ms)

AssetImportParameters requested are different than current active one (requested -> active):
  custom:framework-win-MediaFoundation: 216162199b28c13a410421893ffa2e32 -> 
  custom:video-decoder-ogg-theora: a1e56fd34408186e4bbccfd4996cb3dc -> 
  custom:container-muxer-webm: aa71ff27fc2769a1b78a27578f13a17b -> 
  custom:container-demuxer-webm: 4f35f7cbe854078d1ac9338744f61a02 -> 
  custom:container-demuxer-ogg: 62fdf1f143b41e24485cea50d1cbac27 -> 
  custom:video-encoder-webm-vp8: eb34c28f22e8b96e1ab97ce403110664 -> 
  custom:video-decoder-webm-vp8: 9c59270c3fd7afecdb556c50c9e8de78 -> 
  custom:audio-decoder-ogg-vorbis: bf7c407c2cedff20999df2af8eb42d56 -> 
  custom:audio-encoder-webm-vorbis: bf7c407c2cedff20999df2af8eb42d56 -> 
========================================================================
Received Import Request.
  path: Assets/Scenes/4-prefab 1.unity
  artifactKey: Guid(5057331994c907d4db072ceaf5fd395a) Importer(815301076,1909f56bfc062723c751e8b465ee728b)
Start importing Assets/Scenes/4-prefab 1.unity using Guid(5057331994c907d4db072ceaf5fd395a) Importer(815301076,1909f56bfc062723c751e8b465ee728b)  -> (artifact id: '32e5d4e1caf22404a1405e7e38212d74') in 0.009508 seconds 
========================================================================
Received Import Request.
  Time since last request: 6.936614 seconds.
  path: Assets/Scenes/4-prefab.unity
  artifactKey: Guid(d7e5d2d2b3a62df4ba1318e4db1752da) Importer(815301076,1909f56bfc062723c751e8b465ee728b)
Start importing Assets/Scenes/4-prefab.unity using Guid(d7e5d2d2b3a62df4ba1318e4db1752da) Importer(815301076,1909f56bfc062723c751e8b465ee728b)  -> (artifact id: 'ce50d637894e861fe48962711aefad4e') in 0.006358 seconds 
========================================================================
Received Import Request.
  Time since last request: 5.420464 seconds.
  path: Assets/Scenes/5-more_colors.unity
  artifactKey: Guid(5057331994c907d4db072ceaf5fd395a) Importer(815301076,1909f56bfc062723c751e8b465ee728b)
Start importing Assets/Scenes/5-more_colors.unity using Guid(5057331994c907d4db072ceaf5fd395a) Importer(815301076,1909f56bfc062723c751e8b465ee728b)  -> (artifact id: 'aca69dfc3158f06a458c33be17e1e6f3') in 0.003891 seconds 
========================================================================
Received Import Request.
  Time since last request: 825.480634 seconds.
  path: Assets/Materials/ball 1.mat
  artifactKey: Guid(b7887fb7dd44a774eba253b49aadcc65) Importer(815301076,1909f56bfc062723c751e8b465ee728b)
Start importing Assets/Materials/ball 1.mat using Guid(b7887fb7dd44a774eba253b49aadcc65) Importer(815301076,1909f56bfc062723c751e8b465ee728b)  -> (artifact id: '364b04a7af2408f2e6c0588c9086293d') in 0.168823 seconds 
========================================================================
Received Import Request.
  Time since last request: 0.000429 seconds.
  path: Assets/Materials/ball.mat
  artifactKey: Guid(3eb92da386b02ba4e80437fb205bb8e8) Importer(815301076,1909f56bfc062723c751e8b465ee728b)
Start importing Assets/Materials/ball.mat using Guid(3eb92da386b02ba4e80437fb205bb8e8) Importer(815301076,1909f56bfc062723c751e8b465ee728b)  -> (artifact id: '611163964c4dfc4f8dc7fb8688dacf66') in 0.017486 seconds 
========================================================================
Received Import Request.
  Time since last request: 21.163082 seconds.
  path: Assets/Materials/ball-red.mat
  artifactKey: Guid(3eb92da386b02ba4e80437fb205bb8e8) Importer(815301076,1909f56bfc062723c751e8b465ee728b)
Start importing Assets/Materials/ball-red.mat using Guid(3eb92da386b02ba4e80437fb205bb8e8) Importer(815301076,1909f56bfc062723c751e8b465ee728b)  -> (artifact id: 'eaf6116c2e24cbc32eaef7267e24279b') in 0.012266 seconds 
========================================================================
Received Import Request.
  Time since last request: 38.221275 seconds.
  path: Assets/Materials/ball-blue.mat
  artifactKey: Guid(b7887fb7dd44a774eba253b49aadcc65) Importer(815301076,1909f56bfc062723c751e8b465ee728b)
Start importing Assets/Materials/ball-blue.mat using Guid(b7887fb7dd44a774eba253b49aadcc65) Importer(815301076,1909f56bfc062723c751e8b465ee728b)  -> (artifact id: 'e862e84aa6dea1f3f910f4197a3a46b3') in 0.011605 seconds 
========================================================================
Received Import Request.
  Time since last request: 17.743065 seconds.
  path: Assets/Materials/ball-blue.mat
  artifactKey: Guid(b7887fb7dd44a774eba253b49aadcc65) Importer(815301076,1909f56bfc062723c751e8b465ee728b)
Start importing Assets/Materials/ball-blue.mat using Guid(b7887fb7dd44a774eba253b49aadcc65) Importer(815301076,1909f56bfc062723c751e8b465ee728b)  -> (artifact id: '6475e88b4642b870a6c70234708a6419') in 0.016700 seconds 
========================================================================
Received Import Request.
  Time since last request: 0.000431 seconds.
  path: Assets/Materials/ball-red 1.mat
  artifactKey: Guid(65371531972b45e42b315f8db7620f4e) Importer(815301076,1909f56bfc062723c751e8b465ee728b)
Start importing Assets/Materials/ball-red 1.mat using Guid(65371531972b45e42b315f8db7620f4e) Importer(815301076,1909f56bfc062723c751e8b465ee728b)  -> (artifact id: '02b99abfe1fcb39351f903196bc50263') in 0.021156 seconds 
========================================================================
Received Import Request.
  Time since last request: 9.874046 seconds.
  path: Assets/Materials/ball-green.mat
  artifactKey: Guid(65371531972b45e42b315f8db7620f4e) Importer(815301076,1909f56bfc062723c751e8b465ee728b)
Start importing Assets/Materials/ball-green.mat using Guid(65371531972b45e42b315f8db7620f4e) Importer(815301076,1909f56bfc062723c751e8b465ee728b)  -> (artifact id: '935d34ab4fdbd8e4f514273b9d2d16ef') in 0.014038 seconds 
========================================================================
Received Import Request.
  Time since last request: 19.858200 seconds.
  path: Assets/Materials/ball-green 1.mat
  artifactKey: Guid(d7edaa4a592b8a8449d5ff35483234ff) Importer(815301076,1909f56bfc062723c751e8b465ee728b)
Start importing Assets/Materials/ball-green 1.mat using Guid(d7edaa4a592b8a8449d5ff35483234ff) Importer(815301076,1909f56bfc062723c751e8b465ee728b)  -> (artifact id: '8290a09a8421129bcb89a010674114a0') in 0.019105 seconds 
========================================================================
Received Import Request.
  Time since last request: 0.000395 seconds.
  path: Assets/Materials/ball-green.mat
  artifactKey: Guid(65371531972b45e42b315f8db7620f4e) Importer(815301076,1909f56bfc062723c751e8b465ee728b)
Start importing Assets/Materials/ball-green.mat using Guid(65371531972b45e42b315f8db7620f4e) Importer(815301076,1909f56bfc062723c751e8b465ee728b)  -> (artifact id: '6f6206e3a4125a27e4811ddee500c1c6') in 0.023351 seconds 
========================================================================
Received Import Request.
  Time since last request: 4.762205 seconds.
  path: Assets/Materials/ball-white.mat
  artifactKey: Guid(d7edaa4a592b8a8449d5ff35483234ff) Importer(815301076,1909f56bfc062723c751e8b465ee728b)
Start importing Assets/Materials/ball-white.mat using Guid(d7edaa4a592b8a8449d5ff35483234ff) Importer(815301076,1909f56bfc062723c751e8b465ee728b)  -> (artifact id: '4fd71fde3267e3d1c182a5fe9338eba6') in 0.013669 seconds 
========================================================================
Received Import Request.
  Time since last request: 66.175507 seconds.
  path: Assets/Materials/ball-white 1.mat
  artifactKey: Guid(df2bb791dea1555429164952d7d13a15) Importer(815301076,1909f56bfc062723c751e8b465ee728b)
Start importing Assets/Materials/ball-white 1.mat using Guid(df2bb791dea1555429164952d7d13a15) Importer(815301076,1909f56bfc062723c751e8b465ee728b)  -> (artifact id: '0b1112894c04ab0c9f9a9ce564ba5709') in 0.016907 seconds 
========================================================================
Received Import Request.
  Time since last request: 0.000429 seconds.
  path: Assets/Materials/ball-white.mat
  artifactKey: Guid(d7edaa4a592b8a8449d5ff35483234ff) Importer(815301076,1909f56bfc062723c751e8b465ee728b)
Start importing Assets/Materials/ball-white.mat using Guid(d7edaa4a592b8a8449d5ff35483234ff) Importer(815301076,1909f56bfc062723c751e8b465ee728b)  -> (artifact id: '5cd30a5eab64142eda9c137ea4e63fd6') in 0.029479 seconds 
========================================================================
Received Import Request.
  Time since last request: 5.180613 seconds.
  path: Assets/Materials/ball-black.mat
  artifactKey: Guid(df2bb791dea1555429164952d7d13a15) Importer(815301076,1909f56bfc062723c751e8b465ee728b)
Start importing Assets/Materials/ball-black.mat using Guid(df2bb791dea1555429164952d7d13a15) Importer(815301076,1909f56bfc062723c751e8b465ee728b)  -> (artifact id: '1da26045b9a2bdc29fcf29d38d027847') in 0.012434 seconds 
========================================================================
Received Prepare
Registering precompiled user dll's ...
Registered in 0.007084 seconds.
Begin MonoManager ReloadAssembly
Symbol file LoadedFromMemory doesn't match image C:\Users\fjgh7\0x01-unity_concepts\Library\PackageCache\com.unity.collab-proxy@1.15.15\Lib\Editor\PlasticSCM\unityplastic.dll
Native extension for WindowsStandalone target not found
Refreshing native plugins compatible for Editor in 0.54 ms, found 2 plugins.
Preloading 0 native plugins for Editor in 0.00 ms.
Mono: successfully reloaded assembly
- Completed reload, in  1.409 seconds
Domain Reload Profiling:
	ReloadAssembly (1409ms)
		BeginReloadAssembly (192ms)
			ExecutionOrderSort (0ms)
			DisableScriptedObjects (5ms)
			BackupInstance (0ms)
			ReleaseScriptingObjects (0ms)
			CreateAndSetChildDomain (49ms)
		EndReloadAssembly (1126ms)
			LoadAssemblies (161ms)
			RebuildTransferFunctionScriptingTraits (0ms)
			SetupTypeCache (380ms)
			ReleaseScriptCaches (1ms)
			RebuildScriptCaches (63ms)
			SetupLoadedEditorAssemblies (413ms)
				LogAssemblyErrors (0ms)
				InitializePlatformSupportModulesInManaged (8ms)
				SetLoadedEditorAssemblies (1ms)
				RefreshPlugins (1ms)
				BeforeProcessingInitializeOnLoad (133ms)
				ProcessInitializeOnLoadAttributes (248ms)
				ProcessInitializeOnLoadMethodAttributes (12ms)
				AfterProcessingInitializeOnLoad (9ms)
				EditorAssembliesLoaded (0ms)
			ExecutionOrderSort2 (0ms)
			AwakeInstancesAfterBackupRestoration (8ms)
Platform modules already initialized, skipping
Refreshing native plugins compatible for Editor in 0.60 ms, found 2 plugins.
Preloading 0 native plugins for Editor in 0.00 ms.
Unloading 1502 Unused Serialized files (Serialized files now loaded: 0)
System memory in use before: 71.9 MB.
System memory in use after: 72.0 MB.

Unloading 11 unused Assets to reduce memory usage. Loaded Objects now: 1987.
Total: 4.605100 ms (FindLiveObjects: 0.248000 ms CreateObjectMapping: 0.112600 ms MarkObjects: 4.203300 ms  DeleteObjects: 0.039600 ms)

AssetImportParameters requested are different than current active one (requested -> active):
  custom:framework-win-MediaFoundation: 216162199b28c13a410421893ffa2e32 -> 
  custom:video-decoder-ogg-theora: a1e56fd34408186e4bbccfd4996cb3dc -> 
  custom:container-muxer-webm: aa71ff27fc2769a1b78a27578f13a17b -> 
  custom:container-demuxer-webm: 4f35f7cbe854078d1ac9338744f61a02 -> 
  custom:container-demuxer-ogg: 62fdf1f143b41e24485cea50d1cbac27 -> 
  custom:video-encoder-webm-vp8: eb34c28f22e8b96e1ab97ce403110664 -> 
  custom:video-decoder-webm-vp8: 9c59270c3fd7afecdb556c50c9e8de78 -> 
  custom:audio-decoder-ogg-vorbis: bf7c407c2cedff20999df2af8eb42d56 -> 
  custom:audio-encoder-webm-vorbis: bf7c407c2cedff20999df2af8eb42d56 -> 
========================================================================
Received Import Request.
  Time since last request: 275.949349 seconds.
  path: Assets/Materials/ball-black.mat
  artifactKey: Guid(df2bb791dea1555429164952d7d13a15) Importer(815301076,1909f56bfc062723c751e8b465ee728b)
Start importing Assets/Materials/ball-black.mat using Guid(df2bb791dea1555429164952d7d13a15) Importer(815301076,1909f56bfc062723c751e8b465ee728b)  -> (artifact id: '87ebab4fc0a754e696b60118602dfe96') in 0.078948 seconds 
========================================================================
Received Import Request.
  Time since last request: 5.609405 seconds.
  path: Assets/Scenes/5-more_colors.unity
  artifactKey: Guid(5057331994c907d4db072ceaf5fd395a) Importer(815301076,1909f56bfc062723c751e8b465ee728b)
Start importing Assets/Scenes/5-more_colors.unity using Guid(5057331994c907d4db072ceaf5fd395a) Importer(815301076,1909f56bfc062723c751e8b465ee728b)  -> (artifact id: 'f4b4d647c44fea1ea30d80baf93bff5f') in 0.003513 seconds 
========================================================================
Received Import Request.
  Time since last request: 1.290475 seconds.
  path: Assets/Scenes/5-more_colors 1.unity
  artifactKey: Guid(696b74f9e7a018741b976aa0d2fe646d) Importer(815301076,1909f56bfc062723c751e8b465ee728b)
Start importing Assets/Scenes/5-more_colors 1.unity using Guid(696b74f9e7a018741b976aa0d2fe646d) Importer(815301076,1909f56bfc062723c751e8b465ee728b)  -> (artifact id: 'd9cdc9c5010000665a8bc0dadea0a1fa') in 0.003974 seconds 
========================================================================
Received Import Request.
  Time since last request: 27.715899 seconds.
  path: Assets/Scenes/6-tags.unity
  artifactKey: Guid(696b74f9e7a018741b976aa0d2fe646d) Importer(815301076,1909f56bfc062723c751e8b465ee728b)
Start importing Assets/Scenes/6-tags.unity using Guid(696b74f9e7a018741b976aa0d2fe646d) Importer(815301076,1909f56bfc062723c751e8b465ee728b)  -> (artifact id: '2c8a854fb4d3641c999d02275ba5e762') in 0.003909 seconds 
AssetImportWorkerClient::OnTransportError - code=2 error=End of file
